Copyright 1986-2022 Xilinx, Inc. All Rights Reserved. Copyright 2022-2023 Advanced Micro Devices, Inc. All Rights Reserved.
-------------------------------------------------------------------------------------------------------------------------------------------------------------------------------------------------------------
| Tool Version     : Vivado v.2023.1 (win64) Build 3865809 Sun May  7 15:05:29 MDT 2023
| Date             : Sat Oct  7 14:04:07 2023
| Host             : Yeshvanth-Workstation running 64-bit major release  (build 9200)
| Command          : report_power -file aes128_zynq_interface_wrapper_power_routed.rpt -pb aes128_zynq_interface_wrapper_power_summary_routed.pb -rpx aes128_zynq_interface_wrapper_power_routed.rpx
| Design           : aes128_zynq_interface_wrapper
| Device           : xczu1cg-sbva484-1-e
| Design State     : routed
| Grade            : extended
| Process          : typical
| Characterization : Production
-------------------------------------------------------------------------------------------------------------------------------------------------------------------------------------------------------------

Power Report

Table of Contents
-----------------
1. Summary
1.1 On-Chip Components
1.2 Power Supply Summary
1.3 Confidence Level
2. Settings
2.1 Environment
2.2 Clock Constraints
3. Detailed Reports
3.1 By Hierarchy

1. Summary
----------

+--------------------------+--------------+
| Total On-Chip Power (W)  | 1.294        |
| Design Power Budget (W)  | 45.000       |
| Power Budget Margin (W)  | 43.706 (MET) |
| Dynamic (W)              | 1.058        |
| Device Static (W)        | 0.236        |
| Effective TJA (C/W)      | 0.8          |
| Max Ambient (C)          | 99.0         |
| Junction Temperature (C) | 26.0         |
| Confidence Level         | Medium       |
| Setting File             | ---          |
| Simulation Activity File | ---          |
| Design Nets Matched      | NA           |
+--------------------------+--------------+


1.1 On-Chip Components
----------------------

+--------------------------+-----------+----------+-----------+-----------------+
| On-Chip                  | Power (W) | Used     | Available | Utilization (%) |
+--------------------------+-----------+----------+-----------+-----------------+
| Clocks                   |     0.015 |        3 |       --- |             --- |
| CLB Logic                |     0.047 |    14524 |       --- |             --- |
|   LUT as Logic           |     0.045 |     5999 |     37440 |           16.02 |
|   Register               |    <0.001 |     6319 |     74880 |            8.44 |
|   LUT as Shift Register  |    <0.001 |       91 |     15840 |            0.57 |
|   LUT as Distributed RAM |    <0.001 |       80 |     15840 |            0.51 |
|   CARRY8                 |    <0.001 |       17 |      4680 |            0.36 |
|   Others                 |     0.000 |      211 |       --- |             --- |
|   F7/F8 Muxes            |     0.000 |      645 |     37440 |            1.72 |
| Signals                  |     0.052 |    11586 |       --- |             --- |
| PS8                      |     0.945 |        1 |       --- |             --- |
| Static Power             |     0.236 |          |           |                 |
|   PS Static              |     0.086 |          |           |                 |
|   PL Static              |     0.150 |          |           |                 |
| Total                    |     1.294 |          |           |                 |
+--------------------------+-----------+----------+-----------+-----------------+


1.2 Power Supply Summary
------------------------

+-----------------+-------------+-----------+-------------+------------+-------------+-------------+-------------+
| Source          | Voltage (V) | Total (A) | Dynamic (A) | Static (A) | Powerup (A) | Budget (A)  | Margin (A)  |
+-----------------+-------------+-----------+-------------+------------+-------------+-------------+-------------+
| Vccint          |       0.850 |     0.158 |       0.134 |      0.024 |       NA    |       3.000 | 2.842 (MET) |
| Vccint_io       |       0.850 |     0.027 |       0.000 |      0.027 |       NA    | Unspecified | NA          |
| Vccbram         |       0.850 |     0.000 |       0.000 |      0.000 |       NA    | Unspecified | NA          |
| Vccaux          |       1.800 |     0.026 |       0.000 |      0.026 |       NA    | Unspecified | NA          |
| Vccaux_io       |       1.800 |     0.025 |       0.000 |      0.025 |       NA    | Unspecified | NA          |
| Vcco33          |       3.300 |     0.000 |       0.000 |      0.000 |       NA    | Unspecified | NA          |
| Vcco25          |       2.500 |     0.000 |       0.000 |      0.000 |       NA    | Unspecified | NA          |
| Vcco18          |       1.800 |     0.000 |       0.000 |      0.000 |       NA    | Unspecified | NA          |
| Vcco15          |       1.500 |     0.000 |       0.000 |      0.000 |       NA    | Unspecified | NA          |
| Vcco135         |       1.350 |     0.000 |       0.000 |      0.000 |       NA    | Unspecified | NA          |
| Vcco12          |       1.200 |     0.000 |       0.000 |      0.000 |       NA    | Unspecified | NA          |
| Vcco10          |       1.000 |     0.000 |       0.000 |      0.000 |       NA    | Unspecified | NA          |
| Vccadc          |       1.800 |     0.008 |       0.000 |      0.008 |       NA    | Unspecified | NA          |
| VCC_PSINTFP     |       0.850 |     0.359 |       0.334 |      0.025 |       NA    | Unspecified | NA          |
| VCC_PSINTLP     |       0.850 |     0.282 |       0.275 |      0.007 |       NA    | Unspecified | NA          |
| VPS_MGTRAVCC    |       0.850 |     0.001 |       0.000 |      0.001 |       NA    | Unspecified | NA          |
| VCC_PSINTFP_DDR |       0.850 |     0.267 |       0.263 |      0.004 |       NA    | Unspecified | NA          |
| VCC_PSPLL       |       1.200 |     0.068 |       0.066 |      0.002 |       NA    | Unspecified | NA          |
| VPS_MGTRAVTT    |       1.800 |     0.001 |       0.000 |      0.001 |       NA    | Unspecified | NA          |
| VCCO_PSDDR_504  |       1.100 |     0.146 |       0.112 |      0.034 |       NA    | Unspecified | NA          |
| VCC_PSAUX       |       1.800 |     0.002 |       0.000 |      0.002 |       NA    | Unspecified | NA          |
| VCC_PSBATT      |       1.200 |     0.000 |       0.000 |      0.000 |       NA    | Unspecified | NA          |
| VCC_PSDDR_PLL   |       1.800 |     0.001 |       0.000 |      0.001 |       NA    | Unspecified | NA          |
| VCCO_PSIO0_500  |       1.800 |     0.001 |       0.000 |      0.001 |       NA    | Unspecified | NA          |
| VCCO_PSIO1_501  |       1.800 |     0.001 |       0.000 |      0.001 |       NA    | Unspecified | NA          |
| VCCO_PSIO2_502  |       1.800 |     0.001 |       0.000 |      0.001 |       NA    | Unspecified | NA          |
| VCCO_PSIO3_503  |       1.800 |     0.001 |       0.000 |      0.001 |       NA    | Unspecified | NA          |
| VCC_PSADC       |       1.800 |     0.002 |       0.000 |      0.002 |       NA    | Unspecified | NA          |
+-----------------+-------------+-----------+-------------+------------+-------------+-------------+-------------+


1.3 Confidence Level
--------------------

+-----------------------------+------------+------------------------------------------------+------------------------------------------------------------------------------------------------------------+
| User Input Data             | Confidence | Details                                        | Action                                                                                                     |
+-----------------------------+------------+------------------------------------------------+------------------------------------------------------------------------------------------------------------+
| Design implementation state | High       | Design is routed                               |                                                                                                            |
| Clock nodes activity        | High       | User specified more than 95% of clocks         |                                                                                                            |
| I/O nodes activity          | High       | User specified more than 95% of inputs         |                                                                                                            |
| Internal nodes activity     | Medium     | User specified less than 25% of internal nodes | Provide missing internal nodes activity with simulation results or by editing the "By Resource Type" views |
| Device models               | High       | Device models are Production                   |                                                                                                            |
|                             |            |                                                |                                                                                                            |
| Overall confidence level    | Medium     |                                                |                                                                                                            |
+-----------------------------+------------+------------------------------------------------+------------------------------------------------------------------------------------------------------------+


2. Settings
-----------

2.1 Environment
---------------

+-----------------------+--------------------------+
| Ambient Temp (C)      | 25.0                     |
| ThetaJA (C/W)         | 0.8                      |
| Airflow (LFM)         | 250                      |
| Heat Sink             | medium (Medium Profile)  |
| ThetaSA (C/W)         | 8.8                      |
| Board Selection       | medium (10"x10")         |
| # of Board Layers     | 12to15 (12 to 15 Layers) |
| Board Temperature (C) | 25.0                     |
+-----------------------+--------------------------+


2.2 Clock Constraints
---------------------

+----------+---------------------------------------------------------------------+-----------------+
| Clock    | Domain                                                              | Constraint (ns) |
+----------+---------------------------------------------------------------------+-----------------+
| clk_pl_0 | aes128_zynq_interface_i/zynq_ultra_ps_e_0/inst/pl_clk_unbuffered[0] |            10.0 |
+----------+---------------------------------------------------------------------+-----------------+


3. Detailed Reports
-------------------

3.1 By Hierarchy
----------------

+-------------------------------+-----------+
| Name                          | Power (W) |
+-------------------------------+-----------+
| aes128_zynq_interface_wrapper |     1.058 |
|   aes128_zynq_interface_i     |     1.058 |
|     aes128_wrapper_0          |     0.096 |
|       inst                    |     0.096 |
|     axi_gpio_qword1_i         |     0.001 |
|       U0                      |     0.001 |
|     axi_gpio_qword2_i         |     0.001 |
|       U0                      |     0.001 |
|     ps8_0_axi_periph          |     0.012 |
|       s00_couplers            |     0.006 |
|       s01_couplers            |     0.006 |
|       xbar                    |     0.001 |
|     zynq_ultra_ps_e_0         |     0.946 |
|       inst                    |     0.946 |
+-------------------------------+-----------+


