Copyright 1986-2022 Xilinx, Inc. All Rights Reserved. Copyright 2022-2023 Advanced Micro Devices, Inc. All Rights Reserved.
-------------------------------------------------------------------------------------------------------------------------------------------------------
| Tool Version : Vivado v.2023.1 (win64) Build 3865809 Sun May  7 15:05:29 MDT 2023
| Date         : Sat Oct  7 14:03:34 2023
| Host         : Yeshvanth-Workstation running 64-bit major release  (build 9200)
| Command      : report_utilization -file aes128_zynq_interface_wrapper_utilization_placed.rpt -pb aes128_zynq_interface_wrapper_utilization_placed.pb
| Design       : aes128_zynq_interface_wrapper
| Device       : xczu1cg-sbva484-1-e
| Speed File   : -1
| Design State : Fully Placed
-------------------------------------------------------------------------------------------------------------------------------------------------------

Utilization Design Information

Table of Contents
-----------------
1. CLB Logic
1.1 Summary of Registers by Type
2. CLB Logic Distribution
3. BLOCKRAM
4. ARITHMETIC
5. I/O
6. CLOCK
7. ADVANCED
8. CONFIGURATION
9. Primitives
10. Black Boxes
11. Instantiated Netlists

1. CLB Logic
------------

+----------------------------+------+-------+------------+-----------+-------+
|          Site Type         | Used | Fixed | Prohibited | Available | Util% |
+----------------------------+------+-------+------------+-----------+-------+
| CLB LUTs                   | 6170 |     0 |          0 |     37440 | 16.48 |
|   LUT as Logic             | 5999 |     0 |          0 |     37440 | 16.02 |
|   LUT as Memory            |  171 |     0 |          0 |     15840 |  1.08 |
|     LUT as Distributed RAM |   80 |     0 |            |           |       |
|     LUT as Shift Register  |   91 |     0 |            |           |       |
| CLB Registers              | 6319 |     0 |          0 |     74880 |  8.44 |
|   Register as Flip Flop    | 6311 |     0 |          0 |     74880 |  8.43 |
|   Register as Latch        |    8 |     0 |          0 |     74880 |  0.01 |
| CARRY8                     |   17 |     0 |          0 |      4680 |  0.36 |
| F7 Muxes                   |  548 |     0 |          0 |     18720 |  2.93 |
| F8 Muxes                   |   97 |     0 |          0 |      9360 |  1.04 |
| F9 Muxes                   |    0 |     0 |          0 |      4680 |  0.00 |
+----------------------------+------+-------+------------+-----------+-------+
* Warning! LUT value is adjusted to account for LUT combining.


1.1 Summary of Registers by Type
--------------------------------

+-------+--------------+-------------+--------------+
| Total | Clock Enable | Synchronous | Asynchronous |
+-------+--------------+-------------+--------------+
| 0     |            _ |           - |            - |
| 0     |            _ |           - |          Set |
| 0     |            _ |           - |        Reset |
| 0     |            _ |         Set |            - |
| 0     |            _ |       Reset |            - |
| 0     |          Yes |           - |            - |
| 66    |          Yes |           - |          Set |
| 146   |          Yes |           - |        Reset |
| 186   |          Yes |         Set |            - |
| 5921  |          Yes |       Reset |            - |
+-------+--------------+-------------+--------------+


2. CLB Logic Distribution
-------------------------

+--------------------------------------------+------+-------+------------+-----------+-------+
|                  Site Type                 | Used | Fixed | Prohibited | Available | Util% |
+--------------------------------------------+------+-------+------------+-----------+-------+
| CLB                                        | 1168 |     0 |          0 |      4680 | 24.96 |
|   CLBL                                     |  752 |     0 |            |           |       |
|   CLBM                                     |  416 |     0 |            |           |       |
| LUT as Logic                               | 5999 |     0 |          0 |     37440 | 16.02 |
|   using O5 output only                     |   89 |       |            |           |       |
|   using O6 output only                     | 4820 |       |            |           |       |
|   using O5 and O6                          | 1090 |       |            |           |       |
| LUT as Memory                              |  171 |     0 |          0 |     15840 |  1.08 |
|   LUT as Distributed RAM                   |   80 |     0 |            |           |       |
|     using O5 output only                   |    0 |       |            |           |       |
|     using O6 output only                   |    8 |       |            |           |       |
|     using O5 and O6                        |   72 |       |            |           |       |
|   LUT as Shift Register                    |   91 |     0 |            |           |       |
|     using O5 output only                   |    0 |       |            |           |       |
|     using O6 output only                   |   91 |       |            |           |       |
|     using O5 and O6                        |    0 |       |            |           |       |
| CLB Registers                              | 6319 |     0 |          0 |     74880 |  8.44 |
|   Register driven from within the CLB      | 2681 |       |            |           |       |
|   Register driven from outside the CLB     | 3638 |       |            |           |       |
|     LUT in front of the register is unused | 1584 |       |            |           |       |
|     LUT in front of the register is used   | 2054 |       |            |           |       |
| Unique Control Sets                        |  255 |       |          0 |      9360 |  2.72 |
+--------------------------------------------+------+-------+------------+-----------+-------+
* * Note: Available Control Sets calculated as Slices * 2, Review the Control Sets Report for more information regarding control sets.


3. BLOCKRAM
-----------

+----------------+------+-------+------------+-----------+-------+
|    Site Type   | Used | Fixed | Prohibited | Available | Util% |
+----------------+------+-------+------------+-----------+-------+
| Block RAM Tile |    0 |     0 |          0 |       108 |  0.00 |
|   RAMB36/FIFO* |    0 |     0 |          0 |       108 |  0.00 |
|   RAMB18       |    0 |     0 |          0 |       216 |  0.00 |
+----------------+------+-------+------------+-----------+-------+
* Note: Each Block RAM Tile only has one FIFO logic available and therefore can accommodate only one FIFO36E2 or one FIFO18E2. However, if a FIFO18E2 occupies a Block RAM Tile, that tile can still accommodate a RAMB18E2


4. ARITHMETIC
-------------

+-----------+------+-------+------------+-----------+-------+
| Site Type | Used | Fixed | Prohibited | Available | Util% |
+-----------+------+-------+------------+-----------+-------+
| DSPs      |    0 |     0 |          0 |       216 |  0.00 |
+-----------+------+-------+------------+-----------+-------+


5. I/O
------

+------------------+------+-------+------------+-----------+-------+
|     Site Type    | Used | Fixed | Prohibited | Available | Util% |
+------------------+------+-------+------------+-----------+-------+
| Bonded IOB       |    0 |     0 |          0 |        82 |  0.00 |
| HPIOB_M          |    0 |     0 |          0 |        26 |  0.00 |
| HPIOB_S          |    0 |     0 |          0 |        26 |  0.00 |
| HDIOB_M          |    0 |     0 |          0 |        12 |  0.00 |
| HDIOB_S          |    0 |     0 |          0 |        12 |  0.00 |
| HPIOB_SNGL       |    0 |     0 |          0 |         6 |  0.00 |
| HPIOBDIFFINBUF   |    0 |     0 |          0 |        72 |  0.00 |
| HPIOBDIFFOUTBUF  |    0 |     0 |          0 |        72 |  0.00 |
| HDIOBDIFFINBUF   |    0 |     0 |          0 |        12 |  0.00 |
| BITSLICE_CONTROL |    0 |     0 |          0 |        24 |  0.00 |
| BITSLICE_RX_TX   |    0 |     0 |          0 |       936 |  0.00 |
| BITSLICE_TX      |    0 |     0 |          0 |        24 |  0.00 |
| RIU_OR           |    0 |     0 |          0 |        12 |  0.00 |
+------------------+------+-------+------------+-----------+-------+


6. CLOCK
--------

+----------------------+------+-------+------------+-----------+-------+
|       Site Type      | Used | Fixed | Prohibited | Available | Util% |
+----------------------+------+-------+------------+-----------+-------+
| GLOBAL CLOCK BUFFERs |    1 |     0 |          0 |       184 |  0.54 |
|   BUFGCE             |    0 |     0 |          0 |        76 |  0.00 |
|   BUFGCE_DIV         |    0 |     0 |          0 |        12 |  0.00 |
|   BUFG_PS            |    1 |     0 |          0 |        72 |  1.39 |
|   BUFGCTRL*          |    0 |     0 |          0 |        24 |  0.00 |
| PLL                  |    0 |     0 |          0 |         6 |  0.00 |
| MMCM                 |    0 |     0 |          0 |         3 |  0.00 |
+----------------------+------+-------+------------+-----------+-------+
* Note: Each used BUFGCTRL counts as two GLOBAL CLOCK BUFFERs. This table does not include global clocking resources, only buffer cell usage. See the Clock Utilization Report (report_clock_utilization) for detailed accounting of global clocking resource availability.


7. ADVANCED
-----------

+-----------+------+-------+------------+-----------+--------+
| Site Type | Used | Fixed | Prohibited | Available |  Util% |
+-----------+------+-------+------------+-----------+--------+
| PS8       |    1 |     0 |          0 |         1 | 100.00 |
| SYSMONE4  |    0 |     0 |          0 |         1 |   0.00 |
+-----------+------+-------+------------+-----------+--------+


8. CONFIGURATION
----------------

+-------------+------+-------+------------+-----------+-------+
|  Site Type  | Used | Fixed | Prohibited | Available | Util% |
+-------------+------+-------+------------+-----------+-------+
| BSCANE2     |    0 |     0 |          0 |         4 |  0.00 |
| DNA_PORTE2  |    0 |     0 |          0 |         1 |  0.00 |
| EFUSE_USR   |    0 |     0 |          0 |         1 |  0.00 |
| FRAME_ECCE4 |    0 |     0 |          0 |         1 |  0.00 |
| ICAPE3      |    0 |     0 |          0 |         2 |  0.00 |
| MASTER_JTAG |    0 |     0 |          0 |         1 |  0.00 |
| STARTUPE3   |    0 |     0 |          0 |         1 |  0.00 |
+-------------+------+-------+------------+-----------+-------+


9. Primitives
-------------

+----------+------+---------------------+
| Ref Name | Used | Functional Category |
+----------+------+---------------------+
| FDRE     | 5921 |            Register |
| LUT6     | 3510 |                 CLB |
| LUT5     | 1483 |                 CLB |
| LUT3     |  899 |                 CLB |
| LUT2     |  566 |                 CLB |
| MUXF7    |  548 |                 CLB |
| LUT4     |  526 |                 CLB |
| FDSE     |  186 |            Register |
| FDCE     |  138 |            Register |
| RAMD32   |  132 |                 CLB |
| LUT1     |  105 |                 CLB |
| MUXF8    |   97 |                 CLB |
| SRLC32E  |   70 |                 CLB |
| FDPE     |   66 |            Register |
| SRL16E   |   21 |                 CLB |
| RAMS32   |   20 |                 CLB |
| CARRY8   |   17 |                 CLB |
| LDCE     |    8 |            Register |
| PS8      |    1 |            Advanced |
| BUFG_PS  |    1 |               Clock |
+----------+------+---------------------+


10. Black Boxes
---------------

+----------+------+
| Ref Name | Used |
+----------+------+


11. Instantiated Netlists
-------------------------

+-------------------------------------------+------+
|                  Ref Name                 | Used |
+-------------------------------------------+------+
| aes128_zynq_interface_zynq_ultra_ps_e_0_0 |    1 |
| aes128_zynq_interface_xbar_0              |    1 |
| aes128_zynq_interface_rst_ps8_0_100M_0    |    1 |
| aes128_zynq_interface_axi_gpio_4_0        |    1 |
| aes128_zynq_interface_axi_gpio_3_0        |    1 |
| aes128_zynq_interface_axi_gpio_2_0        |    1 |
| aes128_zynq_interface_axi_gpio_1_0        |    1 |
| aes128_zynq_interface_axi_gpio_0_0        |    1 |
| aes128_zynq_interface_auto_pc_1           |    1 |
| aes128_zynq_interface_auto_pc_0           |    1 |
| aes128_zynq_interface_auto_ds_1           |    1 |
| aes128_zynq_interface_auto_ds_0           |    1 |
| aes128_zynq_interface_aes128_wrapper_0_0  |    1 |
+-------------------------------------------+------+


