
*** Running vivado
    with args -log aes128_zynq_interface_axi_gpio_2_0.vds -m64 -product Vivado -mode batch -messageDb vivado.pb -notrace -source aes128_zynq_interface_axi_gpio_2_0.tcl


ECHO is off.
ECHO is off.

****** Vivado v2023.1 (64-bit)
  **** SW Build 3865809 on Sun May  7 15:05:29 MDT 2023
  **** IP Build 3864474 on Sun May  7 20:36:21 MDT 2023
  **** SharedData Build 3865790 on Sun May 07 13:33:03 MDT 2023
    ** Copyright 1986-2022 Xilinx, Inc. All Rights Reserved.
    ** Copyright 2022-2023 Advanced Micro Devices, Inc. All Rights Reserved.

source aes128_zynq_interface_axi_gpio_2_0.tcl -notrace
INFO: [IP_Flow 19-6924] IPCACHE: Running cache check for IP inst: aes128_zynq_interface_axi_gpio_2_0
INFO: [IP_Flow 19-6922] IPCACHE: Exporting cached entry 2445c1c88e4df857 to dir: E:/SW/Vivado_Projetcs/AES_Core/AES_Core.runs/aes128_zynq_interface_axi_gpio_2_0_synth_1
INFO: [IP_Flow 19-6928] IPCACHE: copied cached file e:/SW/Vivado_Projetcs/AES_Core/AES_Core.cache/ip/2023.1/2/4/2445c1c88e4df857/aes128_zynq_interface_axi_gpio_3_0.dcp to E:/SW/Vivado_Projetcs/AES_Core/AES_Core.runs/aes128_zynq_interface_axi_gpio_2_0_synth_1/aes128_zynq_interface_axi_gpio_2_0.dcp.
INFO: [IP_Flow 19-6928] IPCACHE: copied cached file e:/SW/Vivado_Projetcs/AES_Core/AES_Core.cache/ip/2023.1/2/4/2445c1c88e4df857/aes128_zynq_interface_axi_gpio_3_0_sim_netlist.v to E:/SW/Vivado_Projetcs/AES_Core/AES_Core.runs/aes128_zynq_interface_axi_gpio_2_0_synth_1/aes128_zynq_interface_axi_gpio_2_0_sim_netlist.v.
INFO: [IP_Flow 19-6928] IPCACHE: copied cached file e:/SW/Vivado_Projetcs/AES_Core/AES_Core.cache/ip/2023.1/2/4/2445c1c88e4df857/aes128_zynq_interface_axi_gpio_3_0_sim_netlist.vhdl to E:/SW/Vivado_Projetcs/AES_Core/AES_Core.runs/aes128_zynq_interface_axi_gpio_2_0_synth_1/aes128_zynq_interface_axi_gpio_2_0_sim_netlist.vhdl.
INFO: [IP_Flow 19-6928] IPCACHE: copied cached file e:/SW/Vivado_Projetcs/AES_Core/AES_Core.cache/ip/2023.1/2/4/2445c1c88e4df857/aes128_zynq_interface_axi_gpio_3_0_stub.v to E:/SW/Vivado_Projetcs/AES_Core/AES_Core.runs/aes128_zynq_interface_axi_gpio_2_0_synth_1/aes128_zynq_interface_axi_gpio_2_0_stub.v.
INFO: [IP_Flow 19-6928] IPCACHE: copied cached file e:/SW/Vivado_Projetcs/AES_Core/AES_Core.cache/ip/2023.1/2/4/2445c1c88e4df857/aes128_zynq_interface_axi_gpio_3_0_stub.vhdl to E:/SW/Vivado_Projetcs/AES_Core/AES_Core.runs/aes128_zynq_interface_axi_gpio_2_0_synth_1/aes128_zynq_interface_axi_gpio_2_0_stub.vhdl.
INFO: [IP_Flow 19-4838] Using cached IP synthesis design for IP aes128_zynq_interface_axi_gpio_2_0, cache-ID = 2445c1c88e4df857.
INFO: [Common 17-206] Exiting Vivado at Fri Oct  6 21:28:37 2023...
